<?xml version="1.0" encoding="UTF-8"?>
<!-- Generated by org.testng.reporters.JUnitReportReporter -->
<testsuite hostname="l3ug1m-QAL51" name="com.facebook.swift.parser.TestDocument" tests="3" failures="0" timestamp="8 Aug 2015 19:01:35 GMT" time="0.200" errors="0">
  <testcase name="testDocumentFb303" time="0.105" classname="com.facebook.swift.parser.TestDocument"/>
  <testcase name="testDocumentHbase" time="0.085" classname="com.facebook.swift.parser.TestDocument"/>
  <testcase name="testEmpty" time="0.010" classname="com.facebook.swift.parser.TestDocument"/>
</testsuite> <!-- com.facebook.swift.parser.TestDocument -->
