<?xml version="1.0" encoding="UTF-8"?>
<!-- Generated by org.testng.reporters.JUnitReportReporter -->
<testsuite hostname="l3ug1m-QAL51" name="com.facebook.swift.parser.TestParser" tests="25" failures="0" timestamp="8 Aug 2015 19:01:35 GMT" time="0.101" errors="0">
  <testcase name="testParse" time="0.003" classname="com.facebook.swift.parser.TestParser"/>
  <testcase name="testParse" time="0.002" classname="com.facebook.swift.parser.TestParser"/>
  <testcase name="testParse" time="0.002" classname="com.facebook.swift.parser.TestParser"/>
  <testcase name="testParse" time="0.002" classname="com.facebook.swift.parser.TestParser"/>
  <testcase name="testParse" time="0.009" classname="com.facebook.swift.parser.TestParser"/>
  <testcase name="testParse" time="0.000" classname="com.facebook.swift.parser.TestParser"/>
  <testcase name="testParse" time="0.008" classname="com.facebook.swift.parser.TestParser"/>
  <testcase name="testParse" time="0.003" classname="com.facebook.swift.parser.TestParser"/>
  <testcase name="testParse" time="0.018" classname="com.facebook.swift.parser.TestParser"/>
  <testcase name="testParse" time="0.002" classname="com.facebook.swift.parser.TestParser"/>
  <testcase name="testParse" time="0.002" classname="com.facebook.swift.parser.TestParser"/>
  <testcase name="testParse" time="0.003" classname="com.facebook.swift.parser.TestParser"/>
  <testcase name="testParse" time="0.005" classname="com.facebook.swift.parser.TestParser"/>
  <testcase name="testParse" time="0.001" classname="com.facebook.swift.parser.TestParser"/>
  <testcase name="testParse" time="0.002" classname="com.facebook.swift.parser.TestParser"/>
  <testcase name="testParse" time="0.020" classname="com.facebook.swift.parser.TestParser"/>
  <testcase name="testParse" time="0.001" classname="com.facebook.swift.parser.TestParser"/>
  <testcase name="testParse" time="0.006" classname="com.facebook.swift.parser.TestParser"/>
  <testcase name="testParse" time="0.003" classname="com.facebook.swift.parser.TestParser"/>
  <testcase name="testParse" time="0.001" classname="com.facebook.swift.parser.TestParser"/>
  <testcase name="testParse" time="0.001" classname="com.facebook.swift.parser.TestParser"/>
  <testcase name="testParse" time="0.003" classname="com.facebook.swift.parser.TestParser"/>
  <testcase name="testParse" time="0.002" classname="com.facebook.swift.parser.TestParser"/>
  <testcase name="testParse" time="0.001" classname="com.facebook.swift.parser.TestParser"/>
  <testcase name="testParse" time="0.001" classname="com.facebook.swift.parser.TestParser"/>
</testsuite> <!-- com.facebook.swift.parser.TestParser -->
